[0.242s] DEBUG:colcon:Command line arguments: ['/usr/bin/colcon', 'build', '--symlink-install']
[0.242s] DEBUG:colcon:Parsed command line arguments: Namespace(allow_overriding=[], ament_cmake_args=None, base_paths=['.'], build_base='build', catkin_cmake_args=None, catkin_skip_building_tests=False, cmake_args=None, cmake_clean_cache=False, cmake_clean_first=False, cmake_force_configure=False, cmake_target=None, cmake_target_skip_unavailable=False, continue_on_error=False, event_handlers=None, executor='parallel', ignore_user_meta=False, install_base='install', log_base=None, log_level=None, main=<bound method BuildVerb.main of <colcon_core.verb.build.BuildVerb object at 0x7f929e57edc0>>, merge_install=False, metas=['./colcon.meta'], packages_above=None, packages_above_and_dependencies=None, packages_above_depth=None, packages_end=None, packages_ignore=None, packages_ignore_regex=None, packages_select=None, packages_select_build_failed=False, packages_select_by_dep=None, packages_select_regex=None, packages_select_test_failures=False, packages_skip=None, packages_skip_build_finished=False, packages_skip_by_dep=None, packages_skip_regex=None, packages_skip_test_passed=False, packages_skip_up_to=None, packages_start=None, packages_up_to=None, packages_up_to_regex=None, parallel_workers=16, paths=None, symlink_install=True, test_result_base=None, verb_extension=<colcon_core.verb.build.BuildVerb object at 0x7f929e57edc0>, verb_name='build', verb_parser=<colcon_defaults.argument_parser.defaults.DefaultArgumentsDecorator object at 0x7f929e492550>)
[0.433s] Level 1:colcon.colcon_core.package_discovery:discover_packages(colcon_meta) check parameters
[0.433s] Level 1:colcon.colcon_core.package_discovery:discover_packages(recursive) check parameters
[0.433s] Level 1:colcon.colcon_core.package_discovery:discover_packages(ignore) check parameters
[0.434s] Level 1:colcon.colcon_core.package_discovery:discover_packages(path) check parameters
[0.434s] Level 1:colcon.colcon_core.package_discovery:discover_packages(colcon_meta) discover
[0.434s] Level 1:colcon.colcon_core.package_discovery:discover_packages(recursive) discover
[0.434s] INFO:colcon.colcon_core.package_discovery:Crawling recursively for packages in '/home/cedric/Desktop/PROLAB/proLAB_CedericoV1'
[0.434s] Level 1:colcon.colcon_core.package_identification:_identify(.) by extensions ['ignore', 'ignore_ament_install']
[0.435s] Level 1:colcon.colcon_core.package_identification:_identify(.) by extension 'ignore'
[0.435s] Level 1:colcon.colcon_core.package_identification:_identify(.) by extension 'ignore_ament_install'
[0.435s] Level 1:colcon.colcon_core.package_identification:_identify(.) by extensions ['colcon_pkg']
[0.435s] Level 1:colcon.colcon_core.package_identification:_identify(.) by extension 'colcon_pkg'
[0.436s] Level 1:colcon.colcon_core.package_identification:_identify(.) by extensions ['colcon_meta']
[0.436s] Level 1:colcon.colcon_core.package_identification:_identify(.) by extension 'colcon_meta'
[0.436s] Level 1:colcon.colcon_core.package_identification:_identify(.) by extensions ['ros']
[0.436s] Level 1:colcon.colcon_core.package_identification:_identify(.) by extension 'ros'
[0.453s] Level 1:colcon.colcon_core.package_identification:_identify(.) by extensions ['cmake', 'python']
[0.453s] Level 1:colcon.colcon_core.package_identification:_identify(.) by extension 'cmake'
[0.453s] Level 1:colcon.colcon_core.package_identification:_identify(.) by extension 'python'
[0.453s] Level 1:colcon.colcon_core.package_identification:_identify(.) by extensions ['python_setup_py']
[0.453s] Level 1:colcon.colcon_core.package_identification:_identify(.) by extension 'python_setup_py'
[0.453s] Level 1:colcon.colcon_core.package_identification:_identify(build) by extensions ['ignore', 'ignore_ament_install']
[0.454s] Level 1:colcon.colcon_core.package_identification:_identify(build) by extension 'ignore'
[0.454s] Level 1:colcon.colcon_core.package_identification:_identify(build) ignored
[0.454s] Level 1:colcon.colcon_core.package_identification:_identify(install) by extensions ['ignore', 'ignore_ament_install']
[0.454s] Level 1:colcon.colcon_core.package_identification:_identify(install) by extension 'ignore'
[0.454s] Level 1:colcon.colcon_core.package_identification:_identify(install) ignored
[0.454s] Level 1:colcon.colcon_core.package_identification:_identify(log) by extensions ['ignore', 'ignore_ament_install']
[0.454s] Level 1:colcon.colcon_core.package_identification:_identify(log) by extension 'ignore'
[0.454s] Level 1:colcon.colcon_core.package_identification:_identify(log) ignored
[0.454s] Level 1:colcon.colcon_core.package_identification:_identify(ros2_ws_1) by extensions ['ignore', 'ignore_ament_install']
[0.454s] Level 1:colcon.colcon_core.package_identification:_identify(ros2_ws_1) by extension 'ignore'
[0.454s] Level 1:colcon.colcon_core.package_identification:_identify(ros2_ws_1) by extension 'ignore_ament_install'
[0.454s] Level 1:colcon.colcon_core.package_identification:_identify(ros2_ws_1) by extensions ['colcon_pkg']
[0.454s] Level 1:colcon.colcon_core.package_identification:_identify(ros2_ws_1) by extension 'colcon_pkg'
[0.454s] Level 1:colcon.colcon_core.package_identification:_identify(ros2_ws_1) by extensions ['colcon_meta']
[0.454s] Level 1:colcon.colcon_core.package_identification:_identify(ros2_ws_1) by extension 'colcon_meta'
[0.454s] Level 1:colcon.colcon_core.package_identification:_identify(ros2_ws_1) by extensions ['ros']
[0.454s] Level 1:colcon.colcon_core.package_identification:_identify(ros2_ws_1) by extension 'ros'
[0.455s] Level 1:colcon.colcon_core.package_identification:_identify(ros2_ws_1) by extensions ['cmake', 'python']
[0.455s] Level 1:colcon.colcon_core.package_identification:_identify(ros2_ws_1) by extension 'cmake'
[0.455s] Level 1:colcon.colcon_core.package_identification:_identify(ros2_ws_1) by extension 'python'
[0.455s] Level 1:colcon.colcon_core.package_identification:_identify(ros2_ws_1) by extensions ['python_setup_py']
[0.455s] Level 1:colcon.colcon_core.package_identification:_identify(ros2_ws_1) by extension 'python_setup_py'
[0.455s] Level 1:colcon.colcon_core.package_identification:_identify(ros2_ws_1/build) by extensions ['ignore', 'ignore_ament_install']
[0.455s] Level 1:colcon.colcon_core.package_identification:_identify(ros2_ws_1/build) by extension 'ignore'
[0.455s] Level 1:colcon.colcon_core.package_identification:_identify(ros2_ws_1/build) ignored
[0.455s] Level 1:colcon.colcon_core.package_identification:_identify(ros2_ws_1/install) by extensions ['ignore', 'ignore_ament_install']
[0.455s] Level 1:colcon.colcon_core.package_identification:_identify(ros2_ws_1/install) by extension 'ignore'
[0.455s] Level 1:colcon.colcon_core.package_identification:_identify(ros2_ws_1/install) ignored
[0.455s] Level 1:colcon.colcon_core.package_identification:_identify(ros2_ws_1/log) by extensions ['ignore', 'ignore_ament_install']
[0.455s] Level 1:colcon.colcon_core.package_identification:_identify(ros2_ws_1/log) by extension 'ignore'
[0.455s] Level 1:colcon.colcon_core.package_identification:_identify(ros2_ws_1/log) ignored
[0.456s] Level 1:colcon.colcon_core.package_identification:_identify(ros2_ws_1/src) by extensions ['ignore', 'ignore_ament_install']
[0.456s] Level 1:colcon.colcon_core.package_identification:_identify(ros2_ws_1/src) by extension 'ignore'
[0.456s] Level 1:colcon.colcon_core.package_identification:_identify(ros2_ws_1/src) by extension 'ignore_ament_install'
[0.456s] Level 1:colcon.colcon_core.package_identification:_identify(ros2_ws_1/src) by extensions ['colcon_pkg']
[0.456s] Level 1:colcon.colcon_core.package_identification:_identify(ros2_ws_1/src) by extension 'colcon_pkg'
[0.456s] Level 1:colcon.colcon_core.package_identification:_identify(ros2_ws_1/src) by extensions ['colcon_meta']
[0.456s] Level 1:colcon.colcon_core.package_identification:_identify(ros2_ws_1/src) by extension 'colcon_meta'
[0.456s] Level 1:colcon.colcon_core.package_identification:_identify(ros2_ws_1/src) by extensions ['ros']
[0.456s] Level 1:colcon.colcon_core.package_identification:_identify(ros2_ws_1/src) by extension 'ros'
[0.456s] Level 1:colcon.colcon_core.package_identification:_identify(ros2_ws_1/src) by extensions ['cmake', 'python']
[0.456s] Level 1:colcon.colcon_core.package_identification:_identify(ros2_ws_1/src) by extension 'cmake'
[0.456s] Level 1:colcon.colcon_core.package_identification:_identify(ros2_ws_1/src) by extension 'python'
[0.457s] Level 1:colcon.colcon_core.package_identification:_identify(ros2_ws_1/src) by extensions ['python_setup_py']
[0.457s] Level 1:colcon.colcon_core.package_identification:_identify(ros2_ws_1/src) by extension 'python_setup_py'
[0.458s] Level 1:colcon.colcon_core.package_identification:_identify(ros2_ws_1/src/build) by extensions ['ignore', 'ignore_ament_install']
[0.459s] Level 1:colcon.colcon_core.package_identification:_identify(ros2_ws_1/src/build) by extension 'ignore'
[0.460s] Level 1:colcon.colcon_core.package_identification:_identify(ros2_ws_1/src/build) ignored
[0.461s] Level 1:colcon.colcon_core.package_identification:_identify(ros2_ws_1/src/install) by extensions ['ignore', 'ignore_ament_install']
[0.462s] Level 1:colcon.colcon_core.package_identification:_identify(ros2_ws_1/src/install) by extension 'ignore'
[0.462s] Level 1:colcon.colcon_core.package_identification:_identify(ros2_ws_1/src/install) ignored
[0.463s] Level 1:colcon.colcon_core.package_identification:_identify(ros2_ws_1/src/log) by extensions ['ignore', 'ignore_ament_install']
[0.464s] Level 1:colcon.colcon_core.package_identification:_identify(ros2_ws_1/src/log) by extension 'ignore'
[0.464s] Level 1:colcon.colcon_core.package_identification:_identify(ros2_ws_1/src/log) ignored
[0.465s] Level 1:colcon.colcon_core.package_identification:_identify(ros2_ws_1/src/tb4_cedric_pkg_1) by extensions ['ignore', 'ignore_ament_install']
[0.466s] Level 1:colcon.colcon_core.package_identification:_identify(ros2_ws_1/src/tb4_cedric_pkg_1) by extension 'ignore'
[0.467s] Level 1:colcon.colcon_core.package_identification:_identify(ros2_ws_1/src/tb4_cedric_pkg_1) by extension 'ignore_ament_install'
[0.467s] Level 1:colcon.colcon_core.package_identification:_identify(ros2_ws_1/src/tb4_cedric_pkg_1) by extensions ['colcon_pkg']
[0.468s] Level 1:colcon.colcon_core.package_identification:_identify(ros2_ws_1/src/tb4_cedric_pkg_1) by extension 'colcon_pkg'
[0.468s] Level 1:colcon.colcon_core.package_identification:_identify(ros2_ws_1/src/tb4_cedric_pkg_1) by extensions ['colcon_meta']
[0.468s] Level 1:colcon.colcon_core.package_identification:_identify(ros2_ws_1/src/tb4_cedric_pkg_1) by extension 'colcon_meta'
[0.469s] Level 1:colcon.colcon_core.package_identification:_identify(ros2_ws_1/src/tb4_cedric_pkg_1) by extensions ['ros']
[0.469s] Level 1:colcon.colcon_core.package_identification:_identify(ros2_ws_1/src/tb4_cedric_pkg_1) by extension 'ros'
[0.481s] DEBUG:colcon.colcon_core.package_identification:Package 'ros2_ws_1/src/tb4_cedric_pkg_1' with type 'ros.ament_cmake' and name 'tb4_cedric_pkg_1'
[0.481s] Level 1:colcon.colcon_core.package_discovery:discover_packages(recursive) using defaults
[0.481s] Level 1:colcon.colcon_core.package_discovery:discover_packages(ignore) discover
[0.481s] Level 1:colcon.colcon_core.package_discovery:discover_packages(ignore) using defaults
[0.481s] Level 1:colcon.colcon_core.package_discovery:discover_packages(path) discover
[0.481s] Level 1:colcon.colcon_core.package_discovery:discover_packages(path) using defaults
[0.507s] Level 1:colcon.colcon_core.package_discovery:discover_packages(prefix_path) check parameters
[0.507s] Level 1:colcon.colcon_core.package_discovery:discover_packages(prefix_path) discover
[0.508s] DEBUG:colcon.colcon_installed_package_information.package_discovery:Found 1 installed packages in /home/cedric/Desktop/PROLAB/proLAB_CedericoV1/ros2_ws_1/install
[0.509s] DEBUG:colcon.colcon_installed_package_information.package_discovery:Found 1 installed packages in /home/cedric/Desktop/PROLAB/proLAB_CedericoV1/ros2_ws_1/src/install
[0.510s] DEBUG:colcon.colcon_installed_package_information.package_discovery:Found 371 installed packages in /opt/ros/foxy
[0.513s] Level 1:colcon.colcon_core.package_discovery:discover_packages(prefix_path) using defaults
[0.689s] Level 5:colcon.colcon_core.verb:set package 'tb4_cedric_pkg_1' build argument 'cmake_args' from command line to 'None'
[0.689s] Level 5:colcon.colcon_core.verb:set package 'tb4_cedric_pkg_1' build argument 'cmake_target' from command line to 'None'
[0.690s] Level 5:colcon.colcon_core.verb:set package 'tb4_cedric_pkg_1' build argument 'cmake_target_skip_unavailable' from command line to 'False'
[0.690s] Level 5:colcon.colcon_core.verb:set package 'tb4_cedric_pkg_1' build argument 'cmake_clean_cache' from command line to 'False'
[0.690s] Level 5:colcon.colcon_core.verb:set package 'tb4_cedric_pkg_1' build argument 'cmake_clean_first' from command line to 'False'
[0.690s] Level 5:colcon.colcon_core.verb:set package 'tb4_cedric_pkg_1' build argument 'cmake_force_configure' from command line to 'False'
[0.690s] Level 5:colcon.colcon_core.verb:set package 'tb4_cedric_pkg_1' build argument 'ament_cmake_args' from command line to 'None'
[0.690s] Level 5:colcon.colcon_core.verb:set package 'tb4_cedric_pkg_1' build argument 'catkin_cmake_args' from command line to 'None'
[0.690s] Level 5:colcon.colcon_core.verb:set package 'tb4_cedric_pkg_1' build argument 'catkin_skip_building_tests' from command line to 'False'
[0.690s] DEBUG:colcon.colcon_core.verb:Building package 'tb4_cedric_pkg_1' with the following arguments: {'ament_cmake_args': None, 'build_base': '/home/cedric/Desktop/PROLAB/proLAB_CedericoV1/build/tb4_cedric_pkg_1', 'catkin_cmake_args': None, 'catkin_skip_building_tests': False, 'cmake_args': None, 'cmake_clean_cache': False, 'cmake_clean_first': False, 'cmake_force_configure': False, 'cmake_target': None, 'cmake_target_skip_unavailable': False, 'install_base': '/home/cedric/Desktop/PROLAB/proLAB_CedericoV1/install/tb4_cedric_pkg_1', 'merge_install': False, 'path': '/home/cedric/Desktop/PROLAB/proLAB_CedericoV1/ros2_ws_1/src/tb4_cedric_pkg_1', 'symlink_install': True, 'test_result_base': None}
[0.691s] INFO:colcon.colcon_core.executor:Executing jobs using 'parallel' executor
[0.695s] DEBUG:colcon.colcon_parallel_executor.executor.parallel:run_until_complete
[0.695s] INFO:colcon.colcon_ros.task.ament_cmake.build:Building ROS package in '/home/cedric/Desktop/PROLAB/proLAB_CedericoV1/ros2_ws_1/src/tb4_cedric_pkg_1' with build type 'ament_cmake'
[0.696s] INFO:colcon.colcon_cmake.task.cmake.build:Building CMake package in '/home/cedric/Desktop/PROLAB/proLAB_CedericoV1/ros2_ws_1/src/tb4_cedric_pkg_1'
[0.698s] INFO:colcon.colcon_core.plugin_system:Skipping extension 'colcon_core.shell.bat': Not used on non-Windows systems
[0.699s] INFO:colcon.colcon_core.shell:Skip shell extension 'powershell' for command environment: Not usable outside of PowerShell
[0.699s] DEBUG:colcon.colcon_core.shell:Skip shell extension 'dsv' for command environment
[0.726s] DEBUG:colcon.colcon_core.event_handler.log_command:Invoking command in '/home/cedric/Desktop/PROLAB/proLAB_CedericoV1/build/tb4_cedric_pkg_1': CMAKE_PREFIX_PATH=${CMAKE_PREFIX_PATH}:/opt/ros/foxy /usr/bin/cmake /home/cedric/Desktop/PROLAB/proLAB_CedericoV1/ros2_ws_1/src/tb4_cedric_pkg_1 -DAMENT_CMAKE_SYMLINK_INSTALL=1 -DCMAKE_INSTALL_PREFIX=/home/cedric/Desktop/PROLAB/proLAB_CedericoV1/install/tb4_cedric_pkg_1
[5.351s] DEBUG:colcon.colcon_core.event_handler.log_command:Invoked command in '/home/cedric/Desktop/PROLAB/proLAB_CedericoV1/build/tb4_cedric_pkg_1' returned '0': CMAKE_PREFIX_PATH=${CMAKE_PREFIX_PATH}:/opt/ros/foxy /usr/bin/cmake /home/cedric/Desktop/PROLAB/proLAB_CedericoV1/ros2_ws_1/src/tb4_cedric_pkg_1 -DAMENT_CMAKE_SYMLINK_INSTALL=1 -DCMAKE_INSTALL_PREFIX=/home/cedric/Desktop/PROLAB/proLAB_CedericoV1/install/tb4_cedric_pkg_1
[5.353s] DEBUG:colcon.colcon_core.event_handler.log_command:Invoking command in '/home/cedric/Desktop/PROLAB/proLAB_CedericoV1/build/tb4_cedric_pkg_1': CMAKE_PREFIX_PATH=${CMAKE_PREFIX_PATH}:/opt/ros/foxy /usr/bin/cmake --build /home/cedric/Desktop/PROLAB/proLAB_CedericoV1/build/tb4_cedric_pkg_1 -- -j16 -l16
[22.566s] DEBUG:colcon.colcon_core.event_handler.log_command:Invoked command in '/home/cedric/Desktop/PROLAB/proLAB_CedericoV1/build/tb4_cedric_pkg_1' returned '0': CMAKE_PREFIX_PATH=${CMAKE_PREFIX_PATH}:/opt/ros/foxy /usr/bin/cmake --build /home/cedric/Desktop/PROLAB/proLAB_CedericoV1/build/tb4_cedric_pkg_1 -- -j16 -l16
[22.599s] DEBUG:colcon.colcon_core.event_handler.log_command:Invoking command in '/home/cedric/Desktop/PROLAB/proLAB_CedericoV1/build/tb4_cedric_pkg_1': CMAKE_PREFIX_PATH=${CMAKE_PREFIX_PATH}:/opt/ros/foxy /usr/bin/cmake --install /home/cedric/Desktop/PROLAB/proLAB_CedericoV1/build/tb4_cedric_pkg_1
[23.019s] Level 1:colcon.colcon_core.environment:create_environment_scripts_only(tb4_cedric_pkg_1)
[23.023s] DEBUG:colcon.colcon_core.event_handler.log_command:Invoked command in '/home/cedric/Desktop/PROLAB/proLAB_CedericoV1/build/tb4_cedric_pkg_1' returned '0': CMAKE_PREFIX_PATH=${CMAKE_PREFIX_PATH}:/opt/ros/foxy /usr/bin/cmake --install /home/cedric/Desktop/PROLAB/proLAB_CedericoV1/build/tb4_cedric_pkg_1
[23.025s] Level 1:colcon.colcon_core.environment:checking '/home/cedric/Desktop/PROLAB/proLAB_CedericoV1/install/tb4_cedric_pkg_1' for CMake module files
[23.026s] Level 1:colcon.colcon_core.environment:checking '/home/cedric/Desktop/PROLAB/proLAB_CedericoV1/install/tb4_cedric_pkg_1' for CMake config files
[23.027s] Level 1:colcon.colcon_core.shell:create_environment_hook('tb4_cedric_pkg_1', 'cmake_prefix_path')
[23.028s] INFO:colcon.colcon_core.shell:Creating environment hook '/home/cedric/Desktop/PROLAB/proLAB_CedericoV1/install/tb4_cedric_pkg_1/share/tb4_cedric_pkg_1/hook/cmake_prefix_path.ps1'
[23.029s] INFO:colcon.colcon_core.shell:Creating environment descriptor '/home/cedric/Desktop/PROLAB/proLAB_CedericoV1/install/tb4_cedric_pkg_1/share/tb4_cedric_pkg_1/hook/cmake_prefix_path.dsv'
[23.029s] INFO:colcon.colcon_core.shell:Creating environment hook '/home/cedric/Desktop/PROLAB/proLAB_CedericoV1/install/tb4_cedric_pkg_1/share/tb4_cedric_pkg_1/hook/cmake_prefix_path.sh'
[23.030s] Level 1:colcon.colcon_core.environment:checking '/home/cedric/Desktop/PROLAB/proLAB_CedericoV1/install/tb4_cedric_pkg_1/lib'
[23.030s] Level 1:colcon.colcon_core.environment:checking '/home/cedric/Desktop/PROLAB/proLAB_CedericoV1/install/tb4_cedric_pkg_1/bin'
[23.030s] Level 1:colcon.colcon_core.environment:checking '/home/cedric/Desktop/PROLAB/proLAB_CedericoV1/install/tb4_cedric_pkg_1/lib/pkgconfig/tb4_cedric_pkg_1.pc'
[23.030s] Level 1:colcon.colcon_core.environment:checking '/home/cedric/Desktop/PROLAB/proLAB_CedericoV1/install/tb4_cedric_pkg_1/lib/python3.8/site-packages'
[23.031s] Level 1:colcon.colcon_core.environment:checking '/home/cedric/Desktop/PROLAB/proLAB_CedericoV1/install/tb4_cedric_pkg_1/bin'
[23.031s] INFO:colcon.colcon_core.shell:Creating package script '/home/cedric/Desktop/PROLAB/proLAB_CedericoV1/install/tb4_cedric_pkg_1/share/tb4_cedric_pkg_1/package.ps1'
[23.032s] INFO:colcon.colcon_core.shell:Creating package descriptor '/home/cedric/Desktop/PROLAB/proLAB_CedericoV1/install/tb4_cedric_pkg_1/share/tb4_cedric_pkg_1/package.dsv'
[23.033s] INFO:colcon.colcon_core.shell:Creating package script '/home/cedric/Desktop/PROLAB/proLAB_CedericoV1/install/tb4_cedric_pkg_1/share/tb4_cedric_pkg_1/package.sh'
[23.033s] INFO:colcon.colcon_core.shell:Creating package script '/home/cedric/Desktop/PROLAB/proLAB_CedericoV1/install/tb4_cedric_pkg_1/share/tb4_cedric_pkg_1/package.bash'
[23.034s] INFO:colcon.colcon_core.shell:Creating package script '/home/cedric/Desktop/PROLAB/proLAB_CedericoV1/install/tb4_cedric_pkg_1/share/tb4_cedric_pkg_1/package.zsh'
[23.034s] Level 1:colcon.colcon_core.environment:create_file_with_runtime_dependencies(/home/cedric/Desktop/PROLAB/proLAB_CedericoV1/install/tb4_cedric_pkg_1/share/colcon-core/packages/tb4_cedric_pkg_1)
[23.035s] Level 1:colcon.colcon_core.environment:create_environment_scripts_only(tb4_cedric_pkg_1)
[23.035s] Level 1:colcon.colcon_core.environment:checking '/home/cedric/Desktop/PROLAB/proLAB_CedericoV1/install/tb4_cedric_pkg_1' for CMake module files
[23.036s] Level 1:colcon.colcon_core.environment:checking '/home/cedric/Desktop/PROLAB/proLAB_CedericoV1/install/tb4_cedric_pkg_1' for CMake config files
[23.036s] Level 1:colcon.colcon_core.shell:create_environment_hook('tb4_cedric_pkg_1', 'cmake_prefix_path')
[23.037s] INFO:colcon.colcon_core.shell:Creating environment hook '/home/cedric/Desktop/PROLAB/proLAB_CedericoV1/install/tb4_cedric_pkg_1/share/tb4_cedric_pkg_1/hook/cmake_prefix_path.ps1'
[23.038s] INFO:colcon.colcon_core.shell:Creating environment descriptor '/home/cedric/Desktop/PROLAB/proLAB_CedericoV1/install/tb4_cedric_pkg_1/share/tb4_cedric_pkg_1/hook/cmake_prefix_path.dsv'
[23.041s] INFO:colcon.colcon_core.shell:Creating environment hook '/home/cedric/Desktop/PROLAB/proLAB_CedericoV1/install/tb4_cedric_pkg_1/share/tb4_cedric_pkg_1/hook/cmake_prefix_path.sh'
[23.042s] Level 1:colcon.colcon_core.environment:checking '/home/cedric/Desktop/PROLAB/proLAB_CedericoV1/install/tb4_cedric_pkg_1/lib'
[23.042s] Level 1:colcon.colcon_core.environment:checking '/home/cedric/Desktop/PROLAB/proLAB_CedericoV1/install/tb4_cedric_pkg_1/bin'
[23.043s] Level 1:colcon.colcon_core.environment:checking '/home/cedric/Desktop/PROLAB/proLAB_CedericoV1/install/tb4_cedric_pkg_1/lib/pkgconfig/tb4_cedric_pkg_1.pc'
[23.043s] Level 1:colcon.colcon_core.environment:checking '/home/cedric/Desktop/PROLAB/proLAB_CedericoV1/install/tb4_cedric_pkg_1/lib/python3.8/site-packages'
[23.043s] Level 1:colcon.colcon_core.environment:checking '/home/cedric/Desktop/PROLAB/proLAB_CedericoV1/install/tb4_cedric_pkg_1/bin'
[23.044s] INFO:colcon.colcon_core.shell:Creating package script '/home/cedric/Desktop/PROLAB/proLAB_CedericoV1/install/tb4_cedric_pkg_1/share/tb4_cedric_pkg_1/package.ps1'
[23.045s] INFO:colcon.colcon_core.shell:Creating package descriptor '/home/cedric/Desktop/PROLAB/proLAB_CedericoV1/install/tb4_cedric_pkg_1/share/tb4_cedric_pkg_1/package.dsv'
[23.046s] INFO:colcon.colcon_core.shell:Creating package script '/home/cedric/Desktop/PROLAB/proLAB_CedericoV1/install/tb4_cedric_pkg_1/share/tb4_cedric_pkg_1/package.sh'
[23.047s] INFO:colcon.colcon_core.shell:Creating package script '/home/cedric/Desktop/PROLAB/proLAB_CedericoV1/install/tb4_cedric_pkg_1/share/tb4_cedric_pkg_1/package.bash'
[23.047s] INFO:colcon.colcon_core.shell:Creating package script '/home/cedric/Desktop/PROLAB/proLAB_CedericoV1/install/tb4_cedric_pkg_1/share/tb4_cedric_pkg_1/package.zsh'
[23.048s] Level 1:colcon.colcon_core.environment:create_file_with_runtime_dependencies(/home/cedric/Desktop/PROLAB/proLAB_CedericoV1/install/tb4_cedric_pkg_1/share/colcon-core/packages/tb4_cedric_pkg_1)
[23.049s] DEBUG:colcon.colcon_parallel_executor.executor.parallel:closing loop
[23.050s] DEBUG:colcon.colcon_parallel_executor.executor.parallel:loop closed
[23.051s] DEBUG:colcon.colcon_parallel_executor.executor.parallel:run_until_complete finished with '0'
[23.051s] DEBUG:colcon.colcon_core.event_reactor:joining thread
[23.059s] INFO:colcon.colcon_core.plugin_system:Skipping extension 'colcon_notification.desktop_notification.terminal_notifier': Not used on non-Darwin systems
[23.059s] INFO:colcon.colcon_core.plugin_system:Skipping extension 'colcon_notification.desktop_notification.win32': Not used on non-Windows systems
[23.059s] INFO:colcon.colcon_notification.desktop_notification:Sending desktop notification using 'notify2'
[23.088s] DEBUG:colcon.colcon_core.event_reactor:joined thread
[23.089s] INFO:colcon.colcon_core.shell:Creating prefix script '/home/cedric/Desktop/PROLAB/proLAB_CedericoV1/install/local_setup.ps1'
[23.092s] INFO:colcon.colcon_core.shell:Creating prefix util module '/home/cedric/Desktop/PROLAB/proLAB_CedericoV1/install/_local_setup_util_ps1.py'
[23.098s] INFO:colcon.colcon_core.shell:Creating prefix chain script '/home/cedric/Desktop/PROLAB/proLAB_CedericoV1/install/setup.ps1'
[23.101s] INFO:colcon.colcon_core.shell:Creating prefix script '/home/cedric/Desktop/PROLAB/proLAB_CedericoV1/install/local_setup.sh'
[23.103s] INFO:colcon.colcon_core.shell:Creating prefix util module '/home/cedric/Desktop/PROLAB/proLAB_CedericoV1/install/_local_setup_util_sh.py'
[23.105s] INFO:colcon.colcon_core.shell:Creating prefix chain script '/home/cedric/Desktop/PROLAB/proLAB_CedericoV1/install/setup.sh'
[23.107s] INFO:colcon.colcon_core.shell:Creating prefix script '/home/cedric/Desktop/PROLAB/proLAB_CedericoV1/install/local_setup.bash'
[23.108s] INFO:colcon.colcon_core.shell:Creating prefix chain script '/home/cedric/Desktop/PROLAB/proLAB_CedericoV1/install/setup.bash'
[23.110s] INFO:colcon.colcon_core.shell:Creating prefix script '/home/cedric/Desktop/PROLAB/proLAB_CedericoV1/install/local_setup.zsh'
[23.111s] INFO:colcon.colcon_core.shell:Creating prefix chain script '/home/cedric/Desktop/PROLAB/proLAB_CedericoV1/install/setup.zsh'
