[0.027s] Invoking command in '/home/cedric/Desktop/PROLAB/proLAB_CedericoV1/ros2_ws_1/build/tb4_cedric_pkg_1': CMAKE_PREFIX_PATH=${CMAKE_PREFIX_PATH}:/opt/ros/foxy /usr/bin/cmake --build /home/cedric/Desktop/PROLAB/proLAB_CedericoV1/ros2_ws_1/build/tb4_cedric_pkg_1 -- -j16 -l16
[0.101s] -- Found ament_cmake: 0.9.12 (/opt/ros/foxy/share/ament_cmake/cmake)
[0.136s] -- Using PYTHON_EXECUTABLE: /usr/bin/python3
[0.427s] -- Override CMake install command with custom implementation using symlinks instead of copying resources
[0.439s] -- Found rclcpp: 2.4.3 (/opt/ros/foxy/share/rclcpp/cmake)
[0.484s] -- Using all available rosidl_typesupport_c: rosidl_typesupport_fastrtps_c;rosidl_typesupport_introspection_c
[0.487s] -- Found rosidl_adapter: 1.3.1 (/opt/ros/foxy/share/rosidl_adapter/cmake)
[0.690s] -- Using all available rosidl_typesupport_cpp: rosidl_typesupport_fastrtps_cpp;rosidl_typesupport_introspection_cpp
[0.760s] -- Found rmw_implementation_cmake: 1.0.4 (/opt/ros/foxy/share/rmw_implementation_cmake/cmake)
[0.762s] -- Using RMW implementation 'rmw_fastrtps_cpp' as default
[0.959s] -- Found geometry_msgs: 2.0.5 (/opt/ros/foxy/share/geometry_msgs/cmake)
[1.005s] -- Found nav_msgs: 2.0.5 (/opt/ros/foxy/share/nav_msgs/cmake)
[1.104s] -- Found sensor_msgs: 2.0.5 (/opt/ros/foxy/share/sensor_msgs/cmake)
[1.203s] -- Found tf2: 0.13.14 (/opt/ros/foxy/share/tf2/cmake)
[1.214s] -- Found tf2_ros: 0.13.14 (/opt/ros/foxy/share/tf2_ros/cmake)
[1.683s] -- Found ament_lint_auto: 0.9.8 (/opt/ros/foxy/share/ament_lint_auto/cmake)
[1.822s] -- Added test 'copyright' to check source files copyright and LICENSE
[1.826s] -- Added test 'cppcheck' to perform static code analysis on C / C++ code
[1.826s] -- Configured cppcheck include dirs: 
[1.826s] -- Configured cppcheck exclude dirs and/or files: 
[1.827s] -- Added test 'cpplint' to check C / C++ code against the Google style
[1.827s] -- Configured cpplint exclude dirs and/or files: 
[1.827s] -- Added test 'flake8' to check Python code syntax and style conventions
[1.828s] -- Added test 'lint_cmake' to check CMake code style
[1.828s] -- Added test 'pep257' to check Python code against some of the style conventions in PEP 257
[1.830s] -- Added test 'uncrustify' to check C / C++ code style
[1.830s] -- Configured uncrustify additional arguments: 
[1.830s] -- Added test 'xmllint' to check XML markup files
[1.836s] -- Configuring done
[1.862s] -- Generating done
[1.875s] -- Build files have been written to: /home/cedric/Desktop/PROLAB/proLAB_CedericoV1/ros2_ws_1/build/tb4_cedric_pkg_1
[1.975s] [ 50%] Built target test_node
[1.982s] [100%] Built target recorder_node
[2.016s] Invoked command in '/home/cedric/Desktop/PROLAB/proLAB_CedericoV1/ros2_ws_1/build/tb4_cedric_pkg_1' returned '0': CMAKE_PREFIX_PATH=${CMAKE_PREFIX_PATH}:/opt/ros/foxy /usr/bin/cmake --build /home/cedric/Desktop/PROLAB/proLAB_CedericoV1/ros2_ws_1/build/tb4_cedric_pkg_1 -- -j16 -l16
[2.049s] Invoking command in '/home/cedric/Desktop/PROLAB/proLAB_CedericoV1/ros2_ws_1/build/tb4_cedric_pkg_1': CMAKE_PREFIX_PATH=${CMAKE_PREFIX_PATH}:/opt/ros/foxy /usr/bin/cmake --install /home/cedric/Desktop/PROLAB/proLAB_CedericoV1/ros2_ws_1/build/tb4_cedric_pkg_1
[2.072s] -- Install configuration: ""
[2.073s] -- Execute custom install script
[2.074s] -- Up-to-date symlink: /home/cedric/Desktop/PROLAB/proLAB_CedericoV1/ros2_ws_1/install/tb4_cedric_pkg_1/share/tb4_cedric_pkg_1/launch/simulation.launch.py
[2.075s] -- Up-to-date symlink: /home/cedric/Desktop/PROLAB/proLAB_CedericoV1/ros2_ws_1/install/tb4_cedric_pkg_1/lib/tb4_cedric_pkg_1/test_node
[2.076s] -- Up-to-date symlink: /home/cedric/Desktop/PROLAB/proLAB_CedericoV1/ros2_ws_1/install/tb4_cedric_pkg_1/lib/tb4_cedric_pkg_1/recorder_node
[2.076s] -- Up-to-date symlink: /home/cedric/Desktop/PROLAB/proLAB_CedericoV1/ros2_ws_1/install/tb4_cedric_pkg_1/share/tb4_cedric_pkg_1/launch/simulation.launch.py
[2.077s] -- Up-to-date symlink: /home/cedric/Desktop/PROLAB/proLAB_CedericoV1/ros2_ws_1/install/tb4_cedric_pkg_1/share/ament_index/resource_index/package_run_dependencies/tb4_cedric_pkg_1
[2.077s] -- Up-to-date symlink: /home/cedric/Desktop/PROLAB/proLAB_CedericoV1/ros2_ws_1/install/tb4_cedric_pkg_1/share/ament_index/resource_index/parent_prefix_path/tb4_cedric_pkg_1
[2.078s] -- Up-to-date symlink: /home/cedric/Desktop/PROLAB/proLAB_CedericoV1/ros2_ws_1/install/tb4_cedric_pkg_1/share/tb4_cedric_pkg_1/environment/ament_prefix_path.sh
[2.078s] -- Up-to-date symlink: /home/cedric/Desktop/PROLAB/proLAB_CedericoV1/ros2_ws_1/install/tb4_cedric_pkg_1/share/tb4_cedric_pkg_1/environment/ament_prefix_path.dsv
[2.078s] -- Up-to-date symlink: /home/cedric/Desktop/PROLAB/proLAB_CedericoV1/ros2_ws_1/install/tb4_cedric_pkg_1/share/tb4_cedric_pkg_1/environment/path.sh
[2.079s] -- Up-to-date symlink: /home/cedric/Desktop/PROLAB/proLAB_CedericoV1/ros2_ws_1/install/tb4_cedric_pkg_1/share/tb4_cedric_pkg_1/environment/path.dsv
[2.079s] -- Up-to-date symlink: /home/cedric/Desktop/PROLAB/proLAB_CedericoV1/ros2_ws_1/install/tb4_cedric_pkg_1/share/tb4_cedric_pkg_1/local_setup.bash
[2.079s] -- Up-to-date symlink: /home/cedric/Desktop/PROLAB/proLAB_CedericoV1/ros2_ws_1/install/tb4_cedric_pkg_1/share/tb4_cedric_pkg_1/local_setup.sh
[2.079s] -- Up-to-date symlink: /home/cedric/Desktop/PROLAB/proLAB_CedericoV1/ros2_ws_1/install/tb4_cedric_pkg_1/share/tb4_cedric_pkg_1/local_setup.zsh
[2.080s] -- Up-to-date symlink: /home/cedric/Desktop/PROLAB/proLAB_CedericoV1/ros2_ws_1/install/tb4_cedric_pkg_1/share/tb4_cedric_pkg_1/local_setup.dsv
[2.080s] -- Symlinking: /home/cedric/Desktop/PROLAB/proLAB_CedericoV1/ros2_ws_1/install/tb4_cedric_pkg_1/share/tb4_cedric_pkg_1/package.dsv
[2.100s] -- Up-to-date symlink: /home/cedric/Desktop/PROLAB/proLAB_CedericoV1/ros2_ws_1/install/tb4_cedric_pkg_1/share/ament_index/resource_index/packages/tb4_cedric_pkg_1
[2.102s] -- Up-to-date symlink: /home/cedric/Desktop/PROLAB/proLAB_CedericoV1/ros2_ws_1/install/tb4_cedric_pkg_1/share/tb4_cedric_pkg_1/cmake/tb4_cedric_pkg_1Config.cmake
[2.102s] -- Up-to-date symlink: /home/cedric/Desktop/PROLAB/proLAB_CedericoV1/ros2_ws_1/install/tb4_cedric_pkg_1/share/tb4_cedric_pkg_1/cmake/tb4_cedric_pkg_1Config-version.cmake
[2.102s] -- Up-to-date symlink: /home/cedric/Desktop/PROLAB/proLAB_CedericoV1/ros2_ws_1/install/tb4_cedric_pkg_1/share/tb4_cedric_pkg_1/package.xml
[2.110s] Invoked command in '/home/cedric/Desktop/PROLAB/proLAB_CedericoV1/ros2_ws_1/build/tb4_cedric_pkg_1' returned '0': CMAKE_PREFIX_PATH=${CMAKE_PREFIX_PATH}:/opt/ros/foxy /usr/bin/cmake --install /home/cedric/Desktop/PROLAB/proLAB_CedericoV1/ros2_ws_1/build/tb4_cedric_pkg_1
