[0.238s] DEBUG:colcon:Command line arguments: ['/usr/bin/colcon', 'build', '--symlink-install']
[0.239s] DEBUG:colcon:Parsed command line arguments: Namespace(allow_overriding=[], ament_cmake_args=None, base_paths=['.'], build_base='build', catkin_cmake_args=None, catkin_skip_building_tests=False, cmake_args=None, cmake_clean_cache=False, cmake_clean_first=False, cmake_force_configure=False, cmake_target=None, cmake_target_skip_unavailable=False, continue_on_error=False, event_handlers=None, executor='parallel', ignore_user_meta=False, install_base='install', log_base=None, log_level=None, main=<bound method BuildVerb.main of <colcon_core.verb.build.BuildVerb object at 0x7fb1ff513940>>, merge_install=False, metas=['./colcon.meta'], packages_above=None, packages_above_and_dependencies=None, packages_above_depth=None, packages_end=None, packages_ignore=None, packages_ignore_regex=None, packages_select=None, packages_select_build_failed=False, packages_select_by_dep=None, packages_select_regex=None, packages_select_test_failures=False, packages_skip=None, packages_skip_build_finished=False, packages_skip_by_dep=None, packages_skip_regex=None, packages_skip_test_passed=False, packages_skip_up_to=None, packages_start=None, packages_up_to=None, packages_up_to_regex=None, parallel_workers=16, paths=None, symlink_install=True, test_result_base=None, verb_extension=<colcon_core.verb.build.BuildVerb object at 0x7fb1ff513940>, verb_name='build', verb_parser=<colcon_defaults.argument_parser.defaults.DefaultArgumentsDecorator object at 0x7fb1ff42b130>)
[0.381s] Level 1:colcon.colcon_core.package_discovery:discover_packages(colcon_meta) check parameters
[0.381s] Level 1:colcon.colcon_core.package_discovery:discover_packages(recursive) check parameters
[0.381s] Level 1:colcon.colcon_core.package_discovery:discover_packages(ignore) check parameters
[0.381s] Level 1:colcon.colcon_core.package_discovery:discover_packages(path) check parameters
[0.381s] Level 1:colcon.colcon_core.package_discovery:discover_packages(colcon_meta) discover
[0.381s] Level 1:colcon.colcon_core.package_discovery:discover_packages(recursive) discover
[0.381s] INFO:colcon.colcon_core.package_discovery:Crawling recursively for packages in '/home/cedric/Desktop/PROLAB/proLAB_CedericoV1/ros2_ws_1'
[0.382s] Level 1:colcon.colcon_core.package_identification:_identify(.) by extensions ['ignore', 'ignore_ament_install']
[0.382s] Level 1:colcon.colcon_core.package_identification:_identify(.) by extension 'ignore'
[0.382s] Level 1:colcon.colcon_core.package_identification:_identify(.) by extension 'ignore_ament_install'
[0.382s] Level 1:colcon.colcon_core.package_identification:_identify(.) by extensions ['colcon_pkg']
[0.382s] Level 1:colcon.colcon_core.package_identification:_identify(.) by extension 'colcon_pkg'
[0.382s] Level 1:colcon.colcon_core.package_identification:_identify(.) by extensions ['colcon_meta']
[0.382s] Level 1:colcon.colcon_core.package_identification:_identify(.) by extension 'colcon_meta'
[0.382s] Level 1:colcon.colcon_core.package_identification:_identify(.) by extensions ['ros']
[0.382s] Level 1:colcon.colcon_core.package_identification:_identify(.) by extension 'ros'
[0.394s] Level 1:colcon.colcon_core.package_identification:_identify(.) by extensions ['cmake', 'python']
[0.394s] Level 1:colcon.colcon_core.package_identification:_identify(.) by extension 'cmake'
[0.394s] Level 1:colcon.colcon_core.package_identification:_identify(.) by extension 'python'
[0.394s] Level 1:colcon.colcon_core.package_identification:_identify(.) by extensions ['python_setup_py']
[0.394s] Level 1:colcon.colcon_core.package_identification:_identify(.) by extension 'python_setup_py'
[0.394s] Level 1:colcon.colcon_core.package_identification:_identify(build) by extensions ['ignore', 'ignore_ament_install']
[0.394s] Level 1:colcon.colcon_core.package_identification:_identify(build) by extension 'ignore'
[0.394s] Level 1:colcon.colcon_core.package_identification:_identify(build) ignored
[0.395s] Level 1:colcon.colcon_core.package_identification:_identify(install) by extensions ['ignore', 'ignore_ament_install']
[0.395s] Level 1:colcon.colcon_core.package_identification:_identify(install) by extension 'ignore'
[0.395s] Level 1:colcon.colcon_core.package_identification:_identify(install) ignored
[0.395s] Level 1:colcon.colcon_core.package_identification:_identify(log) by extensions ['ignore', 'ignore_ament_install']
[0.395s] Level 1:colcon.colcon_core.package_identification:_identify(log) by extension 'ignore'
[0.395s] Level 1:colcon.colcon_core.package_identification:_identify(log) ignored
[0.395s] Level 1:colcon.colcon_core.package_identification:_identify(src) by extensions ['ignore', 'ignore_ament_install']
[0.395s] Level 1:colcon.colcon_core.package_identification:_identify(src) by extension 'ignore'
[0.395s] Level 1:colcon.colcon_core.package_identification:_identify(src) by extension 'ignore_ament_install'
[0.395s] Level 1:colcon.colcon_core.package_identification:_identify(src) by extensions ['colcon_pkg']
[0.395s] Level 1:colcon.colcon_core.package_identification:_identify(src) by extension 'colcon_pkg'
[0.395s] Level 1:colcon.colcon_core.package_identification:_identify(src) by extensions ['colcon_meta']
[0.395s] Level 1:colcon.colcon_core.package_identification:_identify(src) by extension 'colcon_meta'
[0.395s] Level 1:colcon.colcon_core.package_identification:_identify(src) by extensions ['ros']
[0.395s] Level 1:colcon.colcon_core.package_identification:_identify(src) by extension 'ros'
[0.395s] Level 1:colcon.colcon_core.package_identification:_identify(src) by extensions ['cmake', 'python']
[0.395s] Level 1:colcon.colcon_core.package_identification:_identify(src) by extension 'cmake'
[0.395s] Level 1:colcon.colcon_core.package_identification:_identify(src) by extension 'python'
[0.395s] Level 1:colcon.colcon_core.package_identification:_identify(src) by extensions ['python_setup_py']
[0.395s] Level 1:colcon.colcon_core.package_identification:_identify(src) by extension 'python_setup_py'
[0.395s] Level 1:colcon.colcon_core.package_identification:_identify(src/tb4_cedric_pkg_1) by extensions ['ignore', 'ignore_ament_install']
[0.395s] Level 1:colcon.colcon_core.package_identification:_identify(src/tb4_cedric_pkg_1) by extension 'ignore'
[0.396s] Level 1:colcon.colcon_core.package_identification:_identify(src/tb4_cedric_pkg_1) by extension 'ignore_ament_install'
[0.396s] Level 1:colcon.colcon_core.package_identification:_identify(src/tb4_cedric_pkg_1) by extensions ['colcon_pkg']
[0.396s] Level 1:colcon.colcon_core.package_identification:_identify(src/tb4_cedric_pkg_1) by extension 'colcon_pkg'
[0.396s] Level 1:colcon.colcon_core.package_identification:_identify(src/tb4_cedric_pkg_1) by extensions ['colcon_meta']
[0.396s] Level 1:colcon.colcon_core.package_identification:_identify(src/tb4_cedric_pkg_1) by extension 'colcon_meta'
[0.396s] Level 1:colcon.colcon_core.package_identification:_identify(src/tb4_cedric_pkg_1) by extensions ['ros']
[0.396s] Level 1:colcon.colcon_core.package_identification:_identify(src/tb4_cedric_pkg_1) by extension 'ros'
[0.398s] DEBUG:colcon.colcon_core.package_identification:Package 'src/tb4_cedric_pkg_1' with type 'ros.ament_cmake' and name 'tb4_cedric_pkg_1'
[0.398s] Level 1:colcon.colcon_core.package_discovery:discover_packages(recursive) using defaults
[0.398s] Level 1:colcon.colcon_core.package_discovery:discover_packages(ignore) discover
[0.398s] Level 1:colcon.colcon_core.package_discovery:discover_packages(ignore) using defaults
[0.398s] Level 1:colcon.colcon_core.package_discovery:discover_packages(path) discover
[0.398s] Level 1:colcon.colcon_core.package_discovery:discover_packages(path) using defaults
[0.415s] Level 1:colcon.colcon_core.package_discovery:discover_packages(prefix_path) check parameters
[0.415s] Level 1:colcon.colcon_core.package_discovery:discover_packages(prefix_path) discover
[0.420s] DEBUG:colcon.colcon_installed_package_information.package_discovery:Found 259 installed packages in /opt/ros/foxy
[0.423s] Level 1:colcon.colcon_core.package_discovery:discover_packages(prefix_path) using defaults
[0.507s] Level 5:colcon.colcon_core.verb:set package 'tb4_cedric_pkg_1' build argument 'cmake_args' from command line to 'None'
[0.508s] Level 5:colcon.colcon_core.verb:set package 'tb4_cedric_pkg_1' build argument 'cmake_target' from command line to 'None'
[0.508s] Level 5:colcon.colcon_core.verb:set package 'tb4_cedric_pkg_1' build argument 'cmake_target_skip_unavailable' from command line to 'False'
[0.508s] Level 5:colcon.colcon_core.verb:set package 'tb4_cedric_pkg_1' build argument 'cmake_clean_cache' from command line to 'False'
[0.508s] Level 5:colcon.colcon_core.verb:set package 'tb4_cedric_pkg_1' build argument 'cmake_clean_first' from command line to 'False'
[0.508s] Level 5:colcon.colcon_core.verb:set package 'tb4_cedric_pkg_1' build argument 'cmake_force_configure' from command line to 'False'
[0.508s] Level 5:colcon.colcon_core.verb:set package 'tb4_cedric_pkg_1' build argument 'ament_cmake_args' from command line to 'None'
[0.508s] Level 5:colcon.colcon_core.verb:set package 'tb4_cedric_pkg_1' build argument 'catkin_cmake_args' from command line to 'None'
[0.508s] Level 5:colcon.colcon_core.verb:set package 'tb4_cedric_pkg_1' build argument 'catkin_skip_building_tests' from command line to 'False'
[0.508s] DEBUG:colcon.colcon_core.verb:Building package 'tb4_cedric_pkg_1' with the following arguments: {'ament_cmake_args': None, 'build_base': '/home/cedric/Desktop/PROLAB/proLAB_CedericoV1/ros2_ws_1/build/tb4_cedric_pkg_1', 'catkin_cmake_args': None, 'catkin_skip_building_tests': False, 'cmake_args': None, 'cmake_clean_cache': False, 'cmake_clean_first': False, 'cmake_force_configure': False, 'cmake_target': None, 'cmake_target_skip_unavailable': False, 'install_base': '/home/cedric/Desktop/PROLAB/proLAB_CedericoV1/ros2_ws_1/install/tb4_cedric_pkg_1', 'merge_install': False, 'path': '/home/cedric/Desktop/PROLAB/proLAB_CedericoV1/ros2_ws_1/src/tb4_cedric_pkg_1', 'symlink_install': True, 'test_result_base': None}
[0.508s] INFO:colcon.colcon_core.executor:Executing jobs using 'parallel' executor
[0.509s] DEBUG:colcon.colcon_parallel_executor.executor.parallel:run_until_complete
[0.510s] INFO:colcon.colcon_ros.task.ament_cmake.build:Building ROS package in '/home/cedric/Desktop/PROLAB/proLAB_CedericoV1/ros2_ws_1/src/tb4_cedric_pkg_1' with build type 'ament_cmake'
[0.510s] INFO:colcon.colcon_cmake.task.cmake.build:Building CMake package in '/home/cedric/Desktop/PROLAB/proLAB_CedericoV1/ros2_ws_1/src/tb4_cedric_pkg_1'
[0.513s] INFO:colcon.colcon_core.plugin_system:Skipping extension 'colcon_core.shell.bat': Not used on non-Windows systems
[0.514s] INFO:colcon.colcon_core.shell:Skip shell extension 'powershell' for command environment: Not usable outside of PowerShell
[0.514s] DEBUG:colcon.colcon_core.shell:Skip shell extension 'dsv' for command environment
[0.531s] DEBUG:colcon.colcon_core.event_handler.log_command:Invoking command in '/home/cedric/Desktop/PROLAB/proLAB_CedericoV1/ros2_ws_1/build/tb4_cedric_pkg_1': CMAKE_PREFIX_PATH=/opt/ros/foxy /usr/bin/cmake /home/cedric/Desktop/PROLAB/proLAB_CedericoV1/ros2_ws_1/src/tb4_cedric_pkg_1 -DAMENT_CMAKE_SYMLINK_INSTALL=1 -DCMAKE_INSTALL_PREFIX=/home/cedric/Desktop/PROLAB/proLAB_CedericoV1/ros2_ws_1/install/tb4_cedric_pkg_1
[3.332s] DEBUG:colcon.colcon_core.event_handler.log_command:Invoked command in '/home/cedric/Desktop/PROLAB/proLAB_CedericoV1/ros2_ws_1/build/tb4_cedric_pkg_1' returned '0': CMAKE_PREFIX_PATH=/opt/ros/foxy /usr/bin/cmake /home/cedric/Desktop/PROLAB/proLAB_CedericoV1/ros2_ws_1/src/tb4_cedric_pkg_1 -DAMENT_CMAKE_SYMLINK_INSTALL=1 -DCMAKE_INSTALL_PREFIX=/home/cedric/Desktop/PROLAB/proLAB_CedericoV1/ros2_ws_1/install/tb4_cedric_pkg_1
[3.340s] DEBUG:colcon.colcon_core.event_handler.log_command:Invoking command in '/home/cedric/Desktop/PROLAB/proLAB_CedericoV1/ros2_ws_1/build/tb4_cedric_pkg_1': CMAKE_PREFIX_PATH=/opt/ros/foxy /usr/bin/cmake --build /home/cedric/Desktop/PROLAB/proLAB_CedericoV1/ros2_ws_1/build/tb4_cedric_pkg_1 -- -j16 -l16
[3.398s] DEBUG:colcon.colcon_core.event_handler.log_command:Invoked command in '/home/cedric/Desktop/PROLAB/proLAB_CedericoV1/ros2_ws_1/build/tb4_cedric_pkg_1' returned '0': CMAKE_PREFIX_PATH=/opt/ros/foxy /usr/bin/cmake --build /home/cedric/Desktop/PROLAB/proLAB_CedericoV1/ros2_ws_1/build/tb4_cedric_pkg_1 -- -j16 -l16
[3.426s] DEBUG:colcon.colcon_core.event_handler.log_command:Invoking command in '/home/cedric/Desktop/PROLAB/proLAB_CedericoV1/ros2_ws_1/build/tb4_cedric_pkg_1': CMAKE_PREFIX_PATH=/opt/ros/foxy /usr/bin/cmake --install /home/cedric/Desktop/PROLAB/proLAB_CedericoV1/ros2_ws_1/build/tb4_cedric_pkg_1
[3.706s] Level 1:colcon.colcon_core.environment:create_environment_scripts_only(tb4_cedric_pkg_1)
[3.707s] DEBUG:colcon.colcon_core.event_handler.log_command:Invoked command in '/home/cedric/Desktop/PROLAB/proLAB_CedericoV1/ros2_ws_1/build/tb4_cedric_pkg_1' returned '0': CMAKE_PREFIX_PATH=/opt/ros/foxy /usr/bin/cmake --install /home/cedric/Desktop/PROLAB/proLAB_CedericoV1/ros2_ws_1/build/tb4_cedric_pkg_1
[3.713s] Level 1:colcon.colcon_core.environment:checking '/home/cedric/Desktop/PROLAB/proLAB_CedericoV1/ros2_ws_1/install/tb4_cedric_pkg_1' for CMake module files
[3.714s] Level 1:colcon.colcon_core.environment:checking '/home/cedric/Desktop/PROLAB/proLAB_CedericoV1/ros2_ws_1/install/tb4_cedric_pkg_1' for CMake config files
[3.715s] Level 1:colcon.colcon_core.shell:create_environment_hook('tb4_cedric_pkg_1', 'cmake_prefix_path')
[3.715s] INFO:colcon.colcon_core.shell:Creating environment hook '/home/cedric/Desktop/PROLAB/proLAB_CedericoV1/ros2_ws_1/install/tb4_cedric_pkg_1/share/tb4_cedric_pkg_1/hook/cmake_prefix_path.ps1'
[3.717s] INFO:colcon.colcon_core.shell:Creating environment descriptor '/home/cedric/Desktop/PROLAB/proLAB_CedericoV1/ros2_ws_1/install/tb4_cedric_pkg_1/share/tb4_cedric_pkg_1/hook/cmake_prefix_path.dsv'
[3.718s] INFO:colcon.colcon_core.shell:Creating environment hook '/home/cedric/Desktop/PROLAB/proLAB_CedericoV1/ros2_ws_1/install/tb4_cedric_pkg_1/share/tb4_cedric_pkg_1/hook/cmake_prefix_path.sh'
[3.720s] Level 1:colcon.colcon_core.environment:checking '/home/cedric/Desktop/PROLAB/proLAB_CedericoV1/ros2_ws_1/install/tb4_cedric_pkg_1/bin'
[3.720s] Level 1:colcon.colcon_core.environment:checking '/home/cedric/Desktop/PROLAB/proLAB_CedericoV1/ros2_ws_1/install/tb4_cedric_pkg_1/lib/pkgconfig/tb4_cedric_pkg_1.pc'
[3.721s] Level 1:colcon.colcon_core.environment:checking '/home/cedric/Desktop/PROLAB/proLAB_CedericoV1/ros2_ws_1/install/tb4_cedric_pkg_1/lib/python3.8/site-packages'
[3.721s] Level 1:colcon.colcon_core.environment:checking '/home/cedric/Desktop/PROLAB/proLAB_CedericoV1/ros2_ws_1/install/tb4_cedric_pkg_1/bin'
[3.722s] INFO:colcon.colcon_core.shell:Creating package script '/home/cedric/Desktop/PROLAB/proLAB_CedericoV1/ros2_ws_1/install/tb4_cedric_pkg_1/share/tb4_cedric_pkg_1/package.ps1'
[3.724s] INFO:colcon.colcon_core.shell:Creating package descriptor '/home/cedric/Desktop/PROLAB/proLAB_CedericoV1/ros2_ws_1/install/tb4_cedric_pkg_1/share/tb4_cedric_pkg_1/package.dsv'
[3.725s] INFO:colcon.colcon_core.shell:Creating package script '/home/cedric/Desktop/PROLAB/proLAB_CedericoV1/ros2_ws_1/install/tb4_cedric_pkg_1/share/tb4_cedric_pkg_1/package.sh'
[3.726s] INFO:colcon.colcon_core.shell:Creating package script '/home/cedric/Desktop/PROLAB/proLAB_CedericoV1/ros2_ws_1/install/tb4_cedric_pkg_1/share/tb4_cedric_pkg_1/package.bash'
[3.727s] INFO:colcon.colcon_core.shell:Creating package script '/home/cedric/Desktop/PROLAB/proLAB_CedericoV1/ros2_ws_1/install/tb4_cedric_pkg_1/share/tb4_cedric_pkg_1/package.zsh'
[3.727s] Level 1:colcon.colcon_core.environment:create_file_with_runtime_dependencies(/home/cedric/Desktop/PROLAB/proLAB_CedericoV1/ros2_ws_1/install/tb4_cedric_pkg_1/share/colcon-core/packages/tb4_cedric_pkg_1)
[3.728s] Level 1:colcon.colcon_core.environment:create_environment_scripts_only(tb4_cedric_pkg_1)
[3.728s] Level 1:colcon.colcon_core.environment:checking '/home/cedric/Desktop/PROLAB/proLAB_CedericoV1/ros2_ws_1/install/tb4_cedric_pkg_1' for CMake module files
[3.728s] Level 1:colcon.colcon_core.environment:checking '/home/cedric/Desktop/PROLAB/proLAB_CedericoV1/ros2_ws_1/install/tb4_cedric_pkg_1' for CMake config files
[3.729s] Level 1:colcon.colcon_core.shell:create_environment_hook('tb4_cedric_pkg_1', 'cmake_prefix_path')
[3.729s] INFO:colcon.colcon_core.shell:Creating environment hook '/home/cedric/Desktop/PROLAB/proLAB_CedericoV1/ros2_ws_1/install/tb4_cedric_pkg_1/share/tb4_cedric_pkg_1/hook/cmake_prefix_path.ps1'
[3.729s] INFO:colcon.colcon_core.shell:Creating environment descriptor '/home/cedric/Desktop/PROLAB/proLAB_CedericoV1/ros2_ws_1/install/tb4_cedric_pkg_1/share/tb4_cedric_pkg_1/hook/cmake_prefix_path.dsv'
[3.730s] INFO:colcon.colcon_core.shell:Creating environment hook '/home/cedric/Desktop/PROLAB/proLAB_CedericoV1/ros2_ws_1/install/tb4_cedric_pkg_1/share/tb4_cedric_pkg_1/hook/cmake_prefix_path.sh'
[3.730s] Level 1:colcon.colcon_core.environment:checking '/home/cedric/Desktop/PROLAB/proLAB_CedericoV1/ros2_ws_1/install/tb4_cedric_pkg_1/bin'
[3.730s] Level 1:colcon.colcon_core.environment:checking '/home/cedric/Desktop/PROLAB/proLAB_CedericoV1/ros2_ws_1/install/tb4_cedric_pkg_1/lib/pkgconfig/tb4_cedric_pkg_1.pc'
[3.730s] Level 1:colcon.colcon_core.environment:checking '/home/cedric/Desktop/PROLAB/proLAB_CedericoV1/ros2_ws_1/install/tb4_cedric_pkg_1/lib/python3.8/site-packages'
[3.731s] Level 1:colcon.colcon_core.environment:checking '/home/cedric/Desktop/PROLAB/proLAB_CedericoV1/ros2_ws_1/install/tb4_cedric_pkg_1/bin'
[3.731s] INFO:colcon.colcon_core.shell:Creating package script '/home/cedric/Desktop/PROLAB/proLAB_CedericoV1/ros2_ws_1/install/tb4_cedric_pkg_1/share/tb4_cedric_pkg_1/package.ps1'
[3.731s] INFO:colcon.colcon_core.shell:Creating package descriptor '/home/cedric/Desktop/PROLAB/proLAB_CedericoV1/ros2_ws_1/install/tb4_cedric_pkg_1/share/tb4_cedric_pkg_1/package.dsv'
[3.732s] INFO:colcon.colcon_core.shell:Creating package script '/home/cedric/Desktop/PROLAB/proLAB_CedericoV1/ros2_ws_1/install/tb4_cedric_pkg_1/share/tb4_cedric_pkg_1/package.sh'
[3.732s] INFO:colcon.colcon_core.shell:Creating package script '/home/cedric/Desktop/PROLAB/proLAB_CedericoV1/ros2_ws_1/install/tb4_cedric_pkg_1/share/tb4_cedric_pkg_1/package.bash'
[3.732s] INFO:colcon.colcon_core.shell:Creating package script '/home/cedric/Desktop/PROLAB/proLAB_CedericoV1/ros2_ws_1/install/tb4_cedric_pkg_1/share/tb4_cedric_pkg_1/package.zsh'
[3.733s] Level 1:colcon.colcon_core.environment:create_file_with_runtime_dependencies(/home/cedric/Desktop/PROLAB/proLAB_CedericoV1/ros2_ws_1/install/tb4_cedric_pkg_1/share/colcon-core/packages/tb4_cedric_pkg_1)
[3.733s] DEBUG:colcon.colcon_parallel_executor.executor.parallel:closing loop
[3.733s] DEBUG:colcon.colcon_parallel_executor.executor.parallel:loop closed
[3.733s] DEBUG:colcon.colcon_parallel_executor.executor.parallel:run_until_complete finished with '0'
[3.733s] DEBUG:colcon.colcon_core.event_reactor:joining thread
[3.741s] INFO:colcon.colcon_core.plugin_system:Skipping extension 'colcon_notification.desktop_notification.terminal_notifier': Not used on non-Darwin systems
[3.741s] INFO:colcon.colcon_core.plugin_system:Skipping extension 'colcon_notification.desktop_notification.win32': Not used on non-Windows systems
[3.741s] INFO:colcon.colcon_notification.desktop_notification:Sending desktop notification using 'notify2'
[3.775s] DEBUG:colcon.colcon_core.event_reactor:joined thread
[3.775s] INFO:colcon.colcon_core.shell:Creating prefix script '/home/cedric/Desktop/PROLAB/proLAB_CedericoV1/ros2_ws_1/install/local_setup.ps1'
[3.776s] INFO:colcon.colcon_core.shell:Creating prefix util module '/home/cedric/Desktop/PROLAB/proLAB_CedericoV1/ros2_ws_1/install/_local_setup_util_ps1.py'
[3.778s] INFO:colcon.colcon_core.shell:Creating prefix chain script '/home/cedric/Desktop/PROLAB/proLAB_CedericoV1/ros2_ws_1/install/setup.ps1'
[3.780s] INFO:colcon.colcon_core.shell:Creating prefix script '/home/cedric/Desktop/PROLAB/proLAB_CedericoV1/ros2_ws_1/install/local_setup.sh'
[3.782s] INFO:colcon.colcon_core.shell:Creating prefix util module '/home/cedric/Desktop/PROLAB/proLAB_CedericoV1/ros2_ws_1/install/_local_setup_util_sh.py'
[3.783s] INFO:colcon.colcon_core.shell:Creating prefix chain script '/home/cedric/Desktop/PROLAB/proLAB_CedericoV1/ros2_ws_1/install/setup.sh'
[3.785s] INFO:colcon.colcon_core.shell:Creating prefix script '/home/cedric/Desktop/PROLAB/proLAB_CedericoV1/ros2_ws_1/install/local_setup.bash'
[3.786s] INFO:colcon.colcon_core.shell:Creating prefix chain script '/home/cedric/Desktop/PROLAB/proLAB_CedericoV1/ros2_ws_1/install/setup.bash'
[3.787s] INFO:colcon.colcon_core.shell:Creating prefix script '/home/cedric/Desktop/PROLAB/proLAB_CedericoV1/ros2_ws_1/install/local_setup.zsh'
[3.787s] INFO:colcon.colcon_core.shell:Creating prefix chain script '/home/cedric/Desktop/PROLAB/proLAB_CedericoV1/ros2_ws_1/install/setup.zsh'
