-- Found ament_cmake: 0.9.12 (/opt/ros/foxy/share/ament_cmake/cmake)
-- Using PYTHON_EXECUTABLE: /usr/bin/python3
-- Override CMake install command with custom implementation using symlinks instead of copying resources
-- Found rclcpp: 2.4.3 (/opt/ros/foxy/share/rclcpp/cmake)
-- Using all available rosidl_typesupport_c: rosidl_typesupport_fastrtps_c;rosidl_typesupport_introspection_c
-- Found rosidl_adapter: 1.3.1 (/opt/ros/foxy/share/rosidl_adapter/cmake)
-- Using all available rosidl_typesupport_cpp: rosidl_typesupport_fastrtps_cpp;rosidl_typesupport_introspection_cpp
-- Found rmw_implementation_cmake: 1.0.4 (/opt/ros/foxy/share/rmw_implementation_cmake/cmake)
-- Using RMW implementation 'rmw_fastrtps_cpp' as default
-- Found geometry_msgs: 2.0.5 (/opt/ros/foxy/share/geometry_msgs/cmake)
-- Found nav_msgs: 2.0.5 (/opt/ros/foxy/share/nav_msgs/cmake)
-- Found sensor_msgs: 2.0.5 (/opt/ros/foxy/share/sensor_msgs/cmake)
-- Found tf2: 0.13.14 (/opt/ros/foxy/share/tf2/cmake)
-- Found tf2_ros: 0.13.14 (/opt/ros/foxy/share/tf2_ros/cmake)
-- Found ament_lint_auto: 0.9.8 (/opt/ros/foxy/share/ament_lint_auto/cmake)
-- Added test 'copyright' to check source files copyright and LICENSE
-- Added test 'cppcheck' to perform static code analysis on C / C++ code
-- Configured cppcheck include dirs: 
-- Configured cppcheck exclude dirs and/or files: 
-- Added test 'cpplint' to check C / C++ code against the Google style
-- Configured cpplint exclude dirs and/or files: 
-- Added test 'flake8' to check Python code syntax and style conventions
-- Added test 'lint_cmake' to check CMake code style
-- Added test 'pep257' to check Python code against some of the style conventions in PEP 257
-- Added test 'uncrustify' to check C / C++ code style
-- Configured uncrustify additional arguments: 
-- Added test 'xmllint' to check XML markup files
-- Configuring done
-- Generating done
-- Build files have been written to: /home/cedric/Desktop/PROLAB/proLAB_CedericoV1/ros2_ws_1/build/tb4_cedric_pkg_1
[35m[1mScanning dependencies of target recorder_node[0m
[ 50%] Built target test_node
[ 75%] [32mBuilding CXX object CMakeFiles/recorder_node.dir/src/recorder_node.cpp.o[0m
[100%] [32m[1mLinking CXX executable recorder_node[0m
[100%] Built target recorder_node
-- Install configuration: ""
-- Execute custom install script
-- Up-to-date symlink: /home/cedric/Desktop/PROLAB/proLAB_CedericoV1/ros2_ws_1/install/tb4_cedric_pkg_1/share/tb4_cedric_pkg_1/launch/simulation.launch.py
-- Up-to-date symlink: /home/cedric/Desktop/PROLAB/proLAB_CedericoV1/ros2_ws_1/install/tb4_cedric_pkg_1/lib/tb4_cedric_pkg_1/test_node
-- Up-to-date symlink: /home/cedric/Desktop/PROLAB/proLAB_CedericoV1/ros2_ws_1/install/tb4_cedric_pkg_1/lib/tb4_cedric_pkg_1/recorder_node
-- Up-to-date symlink: /home/cedric/Desktop/PROLAB/proLAB_CedericoV1/ros2_ws_1/install/tb4_cedric_pkg_1/share/tb4_cedric_pkg_1/launch/simulation.launch.py
-- Symlinking: /home/cedric/Desktop/PROLAB/proLAB_CedericoV1/ros2_ws_1/install/tb4_cedric_pkg_1/share/tb4_cedric_pkg_1/trajectories/robot_path.csv
-- Up-to-date symlink: /home/cedric/Desktop/PROLAB/proLAB_CedericoV1/ros2_ws_1/install/tb4_cedric_pkg_1/share/ament_index/resource_index/package_run_dependencies/tb4_cedric_pkg_1
-- Up-to-date symlink: /home/cedric/Desktop/PROLAB/proLAB_CedericoV1/ros2_ws_1/install/tb4_cedric_pkg_1/share/ament_index/resource_index/parent_prefix_path/tb4_cedric_pkg_1
-- Up-to-date symlink: /home/cedric/Desktop/PROLAB/proLAB_CedericoV1/ros2_ws_1/install/tb4_cedric_pkg_1/share/tb4_cedric_pkg_1/environment/ament_prefix_path.sh
-- Up-to-date symlink: /home/cedric/Desktop/PROLAB/proLAB_CedericoV1/ros2_ws_1/install/tb4_cedric_pkg_1/share/tb4_cedric_pkg_1/environment/ament_prefix_path.dsv
-- Up-to-date symlink: /home/cedric/Desktop/PROLAB/proLAB_CedericoV1/ros2_ws_1/install/tb4_cedric_pkg_1/share/tb4_cedric_pkg_1/environment/path.sh
-- Up-to-date symlink: /home/cedric/Desktop/PROLAB/proLAB_CedericoV1/ros2_ws_1/install/tb4_cedric_pkg_1/share/tb4_cedric_pkg_1/environment/path.dsv
-- Up-to-date symlink: /home/cedric/Desktop/PROLAB/proLAB_CedericoV1/ros2_ws_1/install/tb4_cedric_pkg_1/share/tb4_cedric_pkg_1/local_setup.bash
-- Up-to-date symlink: /home/cedric/Desktop/PROLAB/proLAB_CedericoV1/ros2_ws_1/install/tb4_cedric_pkg_1/share/tb4_cedric_pkg_1/local_setup.sh
-- Up-to-date symlink: /home/cedric/Desktop/PROLAB/proLAB_CedericoV1/ros2_ws_1/install/tb4_cedric_pkg_1/share/tb4_cedric_pkg_1/local_setup.zsh
-- Up-to-date symlink: /home/cedric/Desktop/PROLAB/proLAB_CedericoV1/ros2_ws_1/install/tb4_cedric_pkg_1/share/tb4_cedric_pkg_1/local_setup.dsv
-- Symlinking: /home/cedric/Desktop/PROLAB/proLAB_CedericoV1/ros2_ws_1/install/tb4_cedric_pkg_1/share/tb4_cedric_pkg_1/package.dsv
-- Up-to-date symlink: /home/cedric/Desktop/PROLAB/proLAB_CedericoV1/ros2_ws_1/install/tb4_cedric_pkg_1/share/ament_index/resource_index/packages/tb4_cedric_pkg_1
-- Up-to-date symlink: /home/cedric/Desktop/PROLAB/proLAB_CedericoV1/ros2_ws_1/install/tb4_cedric_pkg_1/share/tb4_cedric_pkg_1/cmake/tb4_cedric_pkg_1Config.cmake
-- Up-to-date symlink: /home/cedric/Desktop/PROLAB/proLAB_CedericoV1/ros2_ws_1/install/tb4_cedric_pkg_1/share/tb4_cedric_pkg_1/cmake/tb4_cedric_pkg_1Config-version.cmake
-- Up-to-date symlink: /home/cedric/Desktop/PROLAB/proLAB_CedericoV1/ros2_ws_1/install/tb4_cedric_pkg_1/share/tb4_cedric_pkg_1/package.xml
